#
# A fatal error has been detected by the Java Runtime Environment:
#
#  Internal Error (exceptions.cpp:367), pid=940, tid=3021642640
#  Error: ExceptionMark destructor expects no pending exceptions
#
# JRE version: 6.0_21-b06
# Java VM: Java HotSpot(TM) Client VM (17.0-b16 mixed mode, sharing linux-x86 )
# If you would like to submit a bug report, please visit:
#   http://java.sun.com/webapps/bugreport/crash.jsp
#

---------------  T H R E A D  ---------------

Current thread (0xb4565800):  JavaThread "Thread-4" [_thread_in_vm, id=19783, stack(0xb4159000,0xb41aa000)]

Stack: [0xb4159000,0xb41aa000],  sp=0xb41a6500,  free space=135b41aa000k
Native frames: (J=compiled Java code, j=interpreted, Vv=VM code, C=native code)
V  [libjvm.so+0x42f662]
V  [libjvm.so+0x1a3cec]
V  [libjvm.so+0x1b81f1]
V  [libjvm.so+0x157546]
V  [libjvm.so+0x156b23]
V  [libjvm.so+0x156bc0]
V  [libjvm.so+0x1585af]
V  [libjvm.so+0x3d06af]
V  [libjvm.so+0x3ce955]
V  [libjvm.so+0x3cd816]
V  [libjvm.so+0x3cd852]
V  [libjvm.so+0x288ea7]
C  [libjava.so+0xbb4e]  Java_java_lang_ClassLoader_findBootstrapClass+0xee
j  java.lang.ClassLoader.findBootstrapClass(Ljava/lang/String;)Ljava/lang/Class;+0
j  java.lang.ClassLoader.findBootstrapClassOrNull(Ljava/lang/String;)Ljava/lang/Class;+12
j  java.lang.ClassLoader.loadClass(Ljava/lang/String;Z)Ljava/lang/Class;+32
j  java.lang.ClassLoader.loadClass(Ljava/lang/String;Z)Ljava/lang/Class;+23
j  sun.misc.Launcher$AppClassLoader.loadClass(Ljava/lang/String;Z)Ljava/lang/Class;+41
j  java.lang.ClassLoader.loadClass(Ljava/lang/String;)Ljava/lang/Class;+3
v  ~StubRoutines::call_stub
V  [libjvm.so+0x228750]
V  [libjvm.so+0x356b68]
V  [libjvm.so+0x227f57]
V  [libjvm.so+0x228097]
V  [libjvm.so+0x3d0933]
V  [libjvm.so+0x3ce955]
V  [libjvm.so+0x3cd816]
V  [libjvm.so+0x3cd4c0]
V  [libjvm.so+0x2a1a5e]
V  [libjvm.so+0x289251]
C  [libjava.so+0xb1b6]  Java_java_lang_Class_forName0+0x116
j  java.lang.Class.forName0(Ljava/lang/String;ZLjava/lang/ClassLoader;)Ljava/lang/Class;+0
j  java.lang.Class.forName(Ljava/lang/String;)Ljava/lang/Class;+5
j  org.gudy.azureus2.core3.security.impl.SESecurityManagerImpl.initialise()V+103
j  org.gudy.azureus2.core3.security.SESecurityManager.initialise()V+3
j  org.gudy.azureus2.core3.config.impl.ConfigurationChecker.setSystemProperties()V+375
j  org.gudy.azureus2.core3.config.impl.ConfigurationManager.initialise()V+3
j  org.gudy.azureus2.core3.config.impl.ConfigurationManager.getInstance()Lorg/gudy/azureus2/core3/config/impl/ConfigurationManager;+37
j  org.gudy.azureus2.core3.config.COConfigurationManager.addAndFireParameterListener(Ljava/lang/String;Lorg/gudy/azureus2/core3/config/ParameterListener;)V+0
j  org.gudy.azureus2.core3.util.TorrentUtils.<clinit>()V+29
v  ~StubRoutines::call_stub
V  [libjvm.so+0x228750]
V  [libjvm.so+0x356b68]
V  [libjvm.so+0x2285af]
V  [libjvm.so+0x2048c6]
V  [libjvm.so+0x203651]
V  [libjvm.so+0x202b98]
V  [libjvm.so+0x3060ef]
V  [libjvm.so+0x307c2f]
V  [libjvm.so+0x307a0c]
V  [libjvm.so+0x22132e]
j  org.gudy.azureus2.core3.torrent.impl.TOTorrentCreateImpl.setIgnoreList()V+1
j  org.gudy.azureus2.core3.torrent.impl.TOTorrentCreateImpl.constructFixed(Ljava/io/File;J)V+1
j  org.gudy.azureus2.core3.torrent.impl.TOTorrentCreateImpl.create()V+9
j  org.gudy.azureus2.core3.torrent.impl.TOTorrentCreatorImpl.create()Lorg/gudy/azureus2/core3/torrent/TOTorrent;+4
j  torrentweb.TorrentManager$WebTorrent.create()V+78
j  torrentweb.Frontpage$1.run()V+4
j  java.lang.Thread.run()V+11
v  ~StubRoutines::call_stub
V  [libjvm.so+0x228750]
V  [libjvm.so+0x356b68]
V  [libjvm.so+0x227f57]
V  [libjvm.so+0x22800a]
V  [libjvm.so+0x2a8795]
V  [libjvm.so+0x3fde2e]
V  [libjvm.so+0x35805e]
C  [libpthread.so.0+0x64c0]

Java frames: (J=compiled Java code, j=interpreted, Vv=VM code)
j  java.lang.ClassLoader.findBootstrapClass(Ljava/lang/String;)Ljava/lang/Class;+0
j  java.lang.ClassLoader.findBootstrapClassOrNull(Ljava/lang/String;)Ljava/lang/Class;+12
j  java.lang.ClassLoader.loadClass(Ljava/lang/String;Z)Ljava/lang/Class;+32
j  java.lang.ClassLoader.loadClass(Ljava/lang/String;Z)Ljava/lang/Class;+23
j  sun.misc.Launcher$AppClassLoader.loadClass(Ljava/lang/String;Z)Ljava/lang/Class;+41
j  java.lang.ClassLoader.loadClass(Ljava/lang/String;)Ljava/lang/Class;+3
v  ~StubRoutines::call_stub
j  java.lang.Class.forName0(Ljava/lang/String;ZLjava/lang/ClassLoader;)Ljava/lang/Class;+0
j  java.lang.Class.forName(Ljava/lang/String;)Ljava/lang/Class;+5
j  org.gudy.azureus2.core3.security.impl.SESecurityManagerImpl.initialise()V+103
j  org.gudy.azureus2.core3.security.SESecurityManager.initialise()V+3
j  org.gudy.azureus2.core3.config.impl.ConfigurationChecker.setSystemProperties()V+375
j  org.gudy.azureus2.core3.config.impl.ConfigurationManager.initialise()V+3
j  org.gudy.azureus2.core3.config.impl.ConfigurationManager.getInstance()Lorg/gudy/azureus2/core3/config/impl/ConfigurationManager;+37
j  org.gudy.azureus2.core3.config.COConfigurationManager.addAndFireParameterListener(Ljava/lang/String;Lorg/gudy/azureus2/core3/config/ParameterListener;)V+0
j  org.gudy.azureus2.core3.util.TorrentUtils.<clinit>()V+29
v  ~StubRoutines::call_stub
j  org.gudy.azureus2.core3.torrent.impl.TOTorrentCreateImpl.setIgnoreList()V+1
j  org.gudy.azureus2.core3.torrent.impl.TOTorrentCreateImpl.constructFixed(Ljava/io/File;J)V+1
j  org.gudy.azureus2.core3.torrent.impl.TOTorrentCreateImpl.create()V+9
j  org.gudy.azureus2.core3.torrent.impl.TOTorrentCreatorImpl.create()Lorg/gudy/azureus2/core3/torrent/TOTorrent;+4
j  torrentweb.TorrentManager$WebTorrent.create()V+78
j  torrentweb.Frontpage$1.run()V+4
j  java.lang.Thread.run()V+11
v  ~StubRoutines::call_stub

---------------  P R O C E S S  ---------------

Java Threads: ( => current thread )
  0x09825400 JavaThread "Timer:Simple Timer" daemon [_thread_blocked, id=19785, stack(0xb40b7000,0xb4108000)]
  0x09827000 JavaThread "SystemTime" daemon [_thread_blocked, id=19784, stack(0xb4108000,0xb4159000)]
=>0xb4565800 JavaThread "Thread-4" [_thread_in_vm, id=19783, stack(0xb4159000,0xb41aa000)]
  0xb4565000 JavaThread "AEThead2:parked[1]" daemon [_thread_blocked, id=19782, stack(0xb41aa000,0xb41fb000)]
  0x09804800 JavaThread "Thread-3" daemon [_thread_blocked, id=21685, stack(0xb41fb000,0xb424c000)]
  0xb4542000 JavaThread "DestroyJavaVM" [_thread_blocked, id=943, stack(0xb6ce7000,0xb6d38000)]
  0xb4540c00 JavaThread "Thread-2" [_thread_in_native, id=961, stack(0xb424c000,0xb429d000)]
  0xb453ec00 JavaThread "server-timer" daemon [_thread_blocked, id=959, stack(0xb4614000,0xb4665000)]
  0x09817800 JavaThread "Low Memory Detector" daemon [_thread_blocked, id=957, stack(0xb4736000,0xb4787000)]
  0x09814400 JavaThread "CompilerThread0" daemon [_thread_blocked, id=955, stack(0xb4787000,0xb4808000)]
  0x09812c00 JavaThread "Signal Dispatcher" daemon [_thread_blocked, id=954, stack(0xb4808000,0xb4859000)]
  0x0980b000 JavaThread "Finalizer" daemon [_thread_blocked, id=948, stack(0xb4993000,0xb49e4000)]
  0x09809c00 JavaThread "Reference Handler" daemon [_thread_blocked, id=947, stack(0xb49e4000,0xb4a35000)]

Other Threads:
  0x09808000 VMThread [stack: 0xb4a35000,0xb4ab6000] [id=946]
  0x09819c00 WatcherThread [stack: 0xb46b5000,0xb4736000] [id=958]

VM state:not at safepoint (normal execution)

VM Mutex/Monitor currently owned by a thread: None

Heap
 def new generation   total 4928K, used 934K [0x7edb0000, 0x7f300000, 0x84300000)
  eden space 4416K,  18% used [0x7edb0000, 0x7ee7a1d0, 0x7f200000)
  from space 512K,  24% used [0x7f200000, 0x7f21f6d0, 0x7f280000)
  to   space 512K,   0% used [0x7f280000, 0x7f280000, 0x7f300000)
 tenured generation   total 10944K, used 516K [0x84300000, 0x84db0000, 0x8edb0000)
   the space 10944K,   4% used [0x84300000, 0x84381148, 0x84381200, 0x84db0000)
 compacting perm gen  total 12288K, used 1175K [0x8edb0000, 0x8f9b0000, 0x92db0000)
   the space 12288K,   9% used [0x8edb0000, 0x8eed5d08, 0x8eed5e00, 0x8f9b0000)
    ro space 10240K,  61% used [0x92db0000, 0x933d70b0, 0x933d7200, 0x937b0000)
    rw space 12288K,  60% used [0x937b0000, 0x93ee76f0, 0x93ee7800, 0x943b0000)

Dynamic libraries:
08048000-08052000 r-xp 00000000 08:16 2376536                            /usr/lib/jvm/java-6-sun-1.6.0.21/jre/bin/java
08052000-08053000 rwxp 00009000 08:16 2376536                            /usr/lib/jvm/java-6-sun-1.6.0.21/jre/bin/java
097df000-09958000 rwxp 097df000 00:00 0                                  [heap]
7edb0000-7f300000 rwxp 7edb0000 00:00 0 
7f300000-84300000 rwxp 7f300000 00:00 0 
84300000-84db0000 rwxp 84300000 00:00 0 
84db0000-8edb0000 rwxp 84db0000 00:00 0 
8edb0000-8f9b0000 rwxp 8edb0000 00:00 0 
8f9b0000-92db0000 rwxp 8f9b0000 00:00 0 
92db0000-933d8000 r-xs 00001000 08:16 5292447                            /usr/lib/jvm/java-6-sun-1.6.0.21/jre/lib/i386/client/classes.jsa
933d8000-937b0000 rwxp 933d8000 00:00 0 
937b0000-93ee8000 rwxp 00629000 08:16 5292447                            /usr/lib/jvm/java-6-sun-1.6.0.21/jre/lib/i386/client/classes.jsa
93ee8000-943b0000 rwxp 93ee8000 00:00 0 
943b0000-94491000 rwxp 00d61000 08:16 5292447                            /usr/lib/jvm/java-6-sun-1.6.0.21/jre/lib/i386/client/classes.jsa
94491000-947b0000 rwxp 94491000 00:00 0 
947b0000-947b8000 r-xs 00e42000 08:16 5292447                            /usr/lib/jvm/java-6-sun-1.6.0.21/jre/lib/i386/client/classes.jsa
947b8000-94bb0000 rwxp 947b8000 00:00 0 
b40b7000-b40ba000 ---p b40b7000 00:00 0 
b40ba000-b4108000 rwxp b40ba000 00:00 0 
b4108000-b410b000 ---p b4108000 00:00 0 
b410b000-b4159000 rwxp b410b000 00:00 0 
b4159000-b415c000 ---p b4159000 00:00 0 
b415c000-b41aa000 rwxp b415c000 00:00 0 
b41aa000-b41ad000 ---p b41aa000 00:00 0 
b41ad000-b41fb000 rwxp b41ad000 00:00 0 
b41fb000-b41fe000 ---p b41fb000 00:00 0 
b41fe000-b424c000 rwxp b41fe000 00:00 0 
b424c000-b424f000 ---p b424c000 00:00 0 
b424f000-b429d000 rwxp b424f000 00:00 0 
b429d000-b4369000 r-xs 00b7f000 08:16 4690479                            /home/testi/floodload/lib/Azureus2.jar
b4369000-b4500000 r-xs 03014000 08:16 5278402                            /usr/lib/jvm/java-6-sun-1.6.0.21/jre/lib/rt.jar
b4500000-b4596000 rwxp b4500000 00:00 0 
b4596000-b4600000 ---p b4596000 00:00 0 
b4614000-b4617000 ---p b4614000 00:00 0 
b4617000-b4665000 rwxp b4617000 00:00 0 
b4665000-b466c000 r-xp 00000000 08:16 6889088                            /usr/lib/jvm/java-6-sun-1.6.0.21/jre/lib/i386/libnio.so
b466c000-b466d000 rwxp 00006000 08:16 6889088                            /usr/lib/jvm/java-6-sun-1.6.0.21/jre/lib/i386/libnio.so
b466d000-b4680000 r-xp 00000000 08:16 6888725                            /usr/lib/jvm/java-6-sun-1.6.0.21/jre/lib/i386/libnet.so
b4680000-b4681000 rwxp 00013000 08:16 6888725                            /usr/lib/jvm/java-6-sun-1.6.0.21/jre/lib/i386/libnet.so
b4681000-b46b5000 rwxp b4681000 00:00 0 
b46b5000-b46b6000 ---p b46b5000 00:00 0 
b46b6000-b4736000 rwxp b46b6000 00:00 0 
b4736000-b4739000 ---p b4736000 00:00 0 
b4739000-b4787000 rwxp b4739000 00:00 0 
b4787000-b478a000 ---p b4787000 00:00 0 
b478a000-b4808000 rwxp b478a000 00:00 0 
b4808000-b480b000 ---p b4808000 00:00 0 
b480b000-b4859000 rwxp b480b000 00:00 0 
b4859000-b4993000 r-xp 00000000 08:16 4669693                            /usr/lib/locale/locale-archive
b4993000-b4996000 ---p b4993000 00:00 0 
b4996000-b49e4000 rwxp b4996000 00:00 0 
b49e4000-b49e7000 ---p b49e4000 00:00 0 
b49e7000-b4a35000 rwxp b49e7000 00:00 0 
b4a35000-b4a36000 ---p b4a35000 00:00 0 
b4a36000-b4abd000 rwxp b4a36000 00:00 0 
b4abd000-b4ad7000 rwxp b4abd000 00:00 0 
b4ad7000-b4add000 rwxp b4ad7000 00:00 0 
b4add000-b4b2d000 rwxp b4add000 00:00 0 
b4b2d000-b4b30000 rwxp b4b2d000 00:00 0 
b4b30000-b4b57000 rwxp b4b30000 00:00 0 
b4b57000-b4b5d000 rwxp b4b57000 00:00 0 
b4b5d000-b4bad000 rwxp b4b5d000 00:00 0 
b4bad000-b4bb3000 rwxp b4bad000 00:00 0 
b4bb3000-b4bcd000 rwxp b4bb3000 00:00 0 
b4bcd000-b4bdd000 rwxp b4bcd000 00:00 0 
b4bdd000-b4c59000 rwxp b4bdd000 00:00 0 
b4c59000-b4d39000 rwxp b4c59000 00:00 0 
b4d39000-b6c59000 rwxp b4d39000 00:00 0 
b6c59000-b6c68000 r-xp 00000000 08:16 6889065                            /usr/lib/jvm/java-6-sun-1.6.0.21/jre/lib/i386/libzip.so
b6c68000-b6c6a000 rwxp 0000e000 08:16 6889065                            /usr/lib/jvm/java-6-sun-1.6.0.21/jre/lib/i386/libzip.so
b6c6a000-b6c74000 r-xp 00000000 08:16 4391301                            /lib/i686/cmov/libnss_files-2.7.so
b6c74000-b6c76000 rwxp 00009000 08:16 4391301                            /lib/i686/cmov/libnss_files-2.7.so
b6c76000-b6c7e000 r-xp 00000000 08:16 4391304                            /lib/i686/cmov/libnss_nis-2.7.so
b6c7e000-b6c80000 rwxp 00008000 08:16 4391304                            /lib/i686/cmov/libnss_nis-2.7.so
b6c80000-b6c87000 r-xp 00000000 08:16 4391309                            /lib/i686/cmov/libnss_compat-2.7.so
b6c87000-b6c89000 rwxp 00006000 08:16 4391309                            /lib/i686/cmov/libnss_compat-2.7.so
b6c89000-b6c9e000 r-xp 00000000 08:16 4391290                            /lib/i686/cmov/libnsl-2.7.so
b6c9e000-b6ca0000 rwxp 00014000 08:16 4391290                            /lib/i686/cmov/libnsl-2.7.so
b6ca0000-b6ca2000 rwxp b6ca0000 00:00 0 
b6ca4000-b6cb1000 rwxp b6ca4000 00:00 0 
b6cb1000-b6cb9000 rwxs 00000000 08:16 4574757                            /tmp/hsperfdata_testi/940
b6cb9000-b6cdc000 r-xp 00000000 08:16 6889086                            /usr/lib/jvm/java-6-sun-1.6.0.21/jre/lib/i386/libjava.so
b6cdc000-b6cde000 rwxp 00023000 08:16 6889086                            /usr/lib/jvm/java-6-sun-1.6.0.21/jre/lib/i386/libjava.so
b6cde000-b6ce5000 r-xp 00000000 08:16 4391566                            /lib/i686/cmov/librt-2.7.so
b6ce5000-b6ce7000 rwxp 00006000 08:16 4391566                            /lib/i686/cmov/librt-2.7.so
b6ce7000-b6cea000 ---p b6ce7000 00:00 0 
b6cea000-b6d38000 rwxp b6cea000 00:00 0 
b6d38000-b6d5c000 r-xp 00000000 08:16 4391296                            /lib/i686/cmov/libm-2.7.so
b6d5c000-b6d5e000 rwxp 00023000 08:16 4391296                            /lib/i686/cmov/libm-2.7.so
b6d5e000-b71fc000 r-xp 00000000 08:16 5308420                            /usr/lib/jvm/java-6-sun-1.6.0.21/jre/lib/i386/client/libjvm.so
b71fc000-b721f000 rwxp 0049e000 08:16 5308420                            /usr/lib/jvm/java-6-sun-1.6.0.21/jre/lib/i386/client/libjvm.so
b721f000-b763d000 rwxp b721f000 00:00 0 
b763d000-b7792000 r-xp 00000000 08:16 4391306                            /lib/i686/cmov/libc-2.7.so
b7792000-b7793000 r-xp 00155000 08:16 4391306                            /lib/i686/cmov/libc-2.7.so
b7793000-b7795000 rwxp 00156000 08:16 4391306                            /lib/i686/cmov/libc-2.7.so
b7795000-b7798000 rwxp b7795000 00:00 0 
b7798000-b779a000 r-xp 00000000 08:16 4391300                            /lib/i686/cmov/libdl-2.7.so
b779a000-b779c000 rwxp 00001000 08:16 4391300                            /lib/i686/cmov/libdl-2.7.so
b779c000-b77a3000 r-xp 00000000 08:16 246097                             /usr/lib/jvm/java-6-sun-1.6.0.21/jre/lib/i386/jli/libjli.so
b77a3000-b77a5000 rwxp 00006000 08:16 246097                             /usr/lib/jvm/java-6-sun-1.6.0.21/jre/lib/i386/jli/libjli.so
b77a5000-b77a6000 rwxp b77a5000 00:00 0 
b77a6000-b77bb000 r-xp 00000000 08:16 4391298                            /lib/i686/cmov/libpthread-2.7.so
b77bb000-b77bd000 rwxp 00014000 08:16 4391298                            /lib/i686/cmov/libpthread-2.7.so
b77bd000-b77bf000 rwxp b77bd000 00:00 0 
b77bf000-b77c0000 r-xs 0000a000 08:16 4687907                            /home/testi/floodload/TorrentWeb.jar
b77c1000-b77c7000 r-xp 00000000 08:16 6904334                            /usr/lib/jvm/java-6-sun-1.6.0.21/jre/lib/i386/native_threads/libhpi.so
b77c7000-b77c8000 rwxp 00006000 08:16 6904334                            /usr/lib/jvm/java-6-sun-1.6.0.21/jre/lib/i386/native_threads/libhpi.so
b77c8000-b77c9000 rwxp b77c8000 00:00 0 
b77c9000-b77ca000 r-xp b77c9000 00:00 0 
b77ca000-b77d5000 r-xp 00000000 08:16 6888724                            /usr/lib/jvm/java-6-sun-1.6.0.21/jre/lib/i386/libverify.so
b77d5000-b77d6000 rwxp 0000b000 08:16 6888724                            /usr/lib/jvm/java-6-sun-1.6.0.21/jre/lib/i386/libverify.so
b77d6000-b77d8000 rwxp b77d6000 00:00 0 
b77d8000-b77f2000 r-xp 00000000 08:16 4548236                            /lib/ld-2.7.so
b77f2000-b77f4000 rwxp 0001a000 08:16 4548236                            /lib/ld-2.7.so
bfd96000-bfdab000 rwxp 7ffffffe9000 00:00 0                              [stack]

VM Arguments:
java_command: TorrentWeb.jar
Launcher Type: SUN_STANDARD

Environment Variables:
PATH=/usr/bin:/bin
LD_LIBRARY_PATH=/usr/lib/jvm/java-6-sun-1.6.0.21/jre/lib/i386/client:/usr/lib/jvm/java-6-sun-1.6.0.21/jre/lib/i386:/usr/lib/jvm/java-6-sun-1.6.0.21/jre/../lib/i386
SHELL=/bin/sh

Signal Handlers:
SIGSEGV: [libjvm.so+0x4302b0], sa_mask[0]=0x7ffbfeff, sa_flags=0x10000004
SIGBUS: [libjvm.so+0x4302b0], sa_mask[0]=0x7ffbfeff, sa_flags=0x10000004
SIGFPE: [libjvm.so+0x355940], sa_mask[0]=0x7ffbfeff, sa_flags=0x10000004
SIGPIPE: [libjvm.so+0x355940], sa_mask[0]=0x7ffbfeff, sa_flags=0x10000004
SIGXFSZ: [libjvm.so+0x355940], sa_mask[0]=0x7ffbfeff, sa_flags=0x10000004
SIGILL: [libjvm.so+0x355940], sa_mask[0]=0x7ffbfeff, sa_flags=0x10000004
SIGUSR1: SIG_DFL, sa_mask[0]=0x00000000, sa_flags=0x00000000
SIGUSR2: [libjvm.so+0x358580], sa_mask[0]=0x00000000, sa_flags=0x10000004
SIGHUP: [libjvm.so+0x3582b0], sa_mask[0]=0x7ffbfeff, sa_flags=0x10000004
SIGINT: [libjvm.so+0x3582b0], sa_mask[0]=0x7ffbfeff, sa_flags=0x10000004
SIGTERM: [libjvm.so+0x3582b0], sa_mask[0]=0x7ffbfeff, sa_flags=0x10000004
SIGQUIT: [libjvm.so+0x3582b0], sa_mask[0]=0x7ffbfeff, sa_flags=0x10000004


---------------  S Y S T E M  ---------------

OS:5.0.6

uname:Linux 2.6.26-2-openvz-amd64 #1 SMP Thu Sep 16 16:09:07 UTC 2010 i686
libc:glibc 2.7 NPTL 2.7 
rlimit: STACK 8192k, CORE 0k, NPROC 18431, NOFILE 1024, AS infinity
load average:0.00 0.05 0.07

CPU:total 1 (1 cores per cpu, 1 threads per core) family 15 model 44 stepping 2, cmov, cx8, fxsr, mmx, sse, sse2, sse3, mmxext, 3dnow, 3dnowext

Memory: 4k page, physical 2317580k(18084k free), swap 1951856k(1338808k free)

vm_info: Java HotSpot(TM) Client VM (17.0-b16) for linux-x86 JRE (1.6.0_21-b06), built on Jun 22 2010 01:22:50 by "java_re" with gcc 3.2.1-7a (J2SE release)

time: Mon Oct 25 11:25:32 2010
elapsed time: 937804 seconds

